<!DOCTYPE html PUBLIC "-//W3C//DTD XHTML 1.1//EN" "http://www.w3.org/TR/xhtml11/DTD/xhtml11.dtd">
<html xmlns="http://www.w3.org/1999/xhtml"><head><title>TestNG Report</title><style type="text/css">table {margin-bottom:10px;border-collapse:collapse;empty-cells:show}th,td {border:1px solid #009;padding:.25em .5em}th {vertical-align:bottom}td {vertical-align:top}table a {font-weight:bold}.stripe td {background-color: #E6EBF9}.num {text-align:right}.passedodd td {background-color: #3F3}.passedeven td {background-color: #0A0}.skippedodd td {background-color: #DDD}.skippedeven td {background-color: #CCC}.failedodd td,.attn {background-color: #F33}.failedeven td,.stripe .attn {background-color: #D00}.stacktrace {white-space:pre;font-family:monospace}.totop {font-size:85%;text-align:center;border-bottom:2px solid #000}</style></head><body><table><tr><th>Test</th><th># Passed</th><th># Skipped</th><th># Failed</th><th>Time (ms)</th><th>Included Groups</th><th>Excluded Groups</th></tr><tr><th colspan="7">test-output//BankWebsite2</th></tr><tr><td><a href="#t0">AUTOXML</a></td><td class="num">1</td><td class="num attn">8</td><td class="num attn">4</td><td class="num">43,357</td><td></td><td></td></tr></table><table><thead><tr><th>Class</th><th>Method</th><th>Start</th><th>Time (ms)</th></tr></thead><tbody><tr><th colspan="4">test-output//BankWebsite2</th></tr></tbody><tbody id="t0"><tr><th colspan="4">AUTOXML &#8212; failed</th></tr><tr class="failedeven"><td rowspan="1">AutomationFramework.Customised_Statement</td><td><a href="#m0">Customised_Statement_Click_Test</a></td><td rowspan="1">1482304916095</td><td rowspan="1">5027</td></tr><tr class="failedodd"><td rowspan="1">AutomationFramework.Deposit_Money</td><td><a href="#m1">Deposit_Click_Test</a></td><td rowspan="1">1482304900945</td><td rowspan="1">5066</td></tr><tr class="failedeven"><td rowspan="1">AutomationFramework.MiniStatement</td><td><a href="#m2">MiniStatement_Click_Test</a></td><td rowspan="1">1482304911062</td><td rowspan="1">5029</td></tr><tr class="failedodd"><td rowspan="1">AutomationFramework.Withdraw_Money</td><td><a href="#m3">Deposit_Click_Test</a></td><td rowspan="1">1482304906025</td><td rowspan="1">5032</td></tr><tr><th colspan="4">AUTOXML &#8212; skipped</th></tr><tr class="skippedeven"><td rowspan="2">AutomationFramework.Customised_Statement</td><td><a href="#m4">Customised_Statement_Get_Entries_Form_Test</a></td><td rowspan="1">1482304921148</td><td rowspan="1">0</td></tr><tr class="skippedeven"><td><a href="#m5">Customised_Statement_Get_Entries_Test</a></td><td rowspan="1">1482304921154</td><td rowspan="1">0</td></tr><tr class="skippedodd"><td rowspan="2">AutomationFramework.Deposit_Money</td><td><a href="#m6">Deposit_Form_Test</a></td><td rowspan="1">1482304921144</td><td rowspan="1">0</td></tr><tr class="skippedodd"><td><a href="#m7">write_Deposit_Amount_Log_To_TxtFile</a></td><td rowspan="1">1482304921150</td><td rowspan="1">0</td></tr><tr class="skippedeven"><td rowspan="2">AutomationFramework.MiniStatement</td><td><a href="#m8">MiniStatement_Get_Entries_Form_Test</a></td><td rowspan="1">1482304921138</td><td rowspan="1">0</td></tr><tr class="skippedeven"><td><a href="#m9">MiniStatement_Get_Entries_Test</a></td><td rowspan="1">1482304921142</td><td rowspan="1">0</td></tr><tr class="skippedodd"><td rowspan="2">AutomationFramework.Withdraw_Money</td><td><a href="#m10">Deposit_Form_Test</a></td><td rowspan="1">1482304921146</td><td rowspan="1">0</td></tr><tr class="skippedodd"><td><a href="#m11">write_Deposit_Amount_Log_To_TxtFile</a></td><td rowspan="1">1482304921151</td><td rowspan="1">0</td></tr><tr><th colspan="4">AUTOXML &#8212; passed</th></tr><tr class="passedeven"><td rowspan="1">AutomationFramework.SignIn</td><td><a href="#m12">mainTest3</a></td><td rowspan="1">1482304892337</td><td rowspan="1">8606</td></tr></tbody></table><h2>AUTOXML</h2><h3 id="m0">AutomationFramework.Customised_Statement#Customised_Statement_Click_Test</h3><table class="result"><tr><th>Exception</th></tr><tr><td><div class="stacktrace">org.openqa.selenium.NoSuchElementException: no such element: Unable to locate element: {&quot;method&quot;:&quot;xpath&quot;,&quot;selector&quot;:&quot;//a[@href=&apos;CustomisedStatementInput.php&apos; and text()=&apos;Customised Statement&apos;]&quot;}
  (Session info: chrome=54.0.2840.99)
  (Driver info: chromedriver=2.24.417431 (9aea000394714d2fbb20850021f6204f2256b9cf),platform=Windows NT 6.1.7601 SP1 x86_64) (WARNING: The server did not provide any stacktrace information)
Command duration or timeout: 5.02 seconds
For documentation on this error, please visit: http://seleniumhq.org/exceptions/no_such_element.html
Build info: version: &apos;2.53.1&apos;, revision: &apos;a36b8b1cd5757287168e54b817830adce9b0158d&apos;, time: &apos;2016-06-30 19:26:09&apos;
System info: host: &apos;HaridwarRajshri&apos;, ip: &apos;192.168.0.7&apos;, os.name: &apos;Windows 7&apos;, os.arch: &apos;amd64&apos;, os.version: &apos;6.1&apos;, java.version: &apos;1.8.0_101&apos;
Driver info: org.openqa.selenium.chrome.ChromeDriver
Capabilities [{applicationCacheEnabled=false, rotatable=false, mobileEmulationEnabled=false, networkConnectionEnabled=false, chrome={chromedriverVersion=2.24.417431 (9aea000394714d2fbb20850021f6204f2256b9cf), userDataDir=C:\Users\Haridwar Rajshri\AppData\Local\Temp\scoped_dir4972_18800}, takesHeapSnapshot=true, pageLoadStrategy=normal, databaseEnabled=false, handlesAlerts=true, hasTouchScreen=false, version=54.0.2840.99, platform=XP, browserConnectionEnabled=false, nativeEvents=true, acceptSslCerts=true, locationContextEnabled=true, webStorageEnabled=true, browserName=chrome, takesScreenshot=true, javascriptEnabled=true, cssSelectorsEnabled=true}]
Session ID: 867afd4201a2ff429c80556e80358fba
*** Element info: {Using=xpath, value=//a[@href=&apos;CustomisedStatementInput.php&apos; and text()=&apos;Customised Statement&apos;]}
	at org.openqa.selenium.remote.ErrorHandler.createThrowable(ErrorHandler.java:206)
	at org.openqa.selenium.remote.ErrorHandler.throwIfResponseFailed(ErrorHandler.java:158)
	at org.openqa.selenium.remote.RemoteWebDriver.execute(RemoteWebDriver.java:678)
	at org.openqa.selenium.remote.RemoteWebDriver.findElement(RemoteWebDriver.java:363)
	at org.openqa.selenium.remote.RemoteWebDriver.findElementByXPath(RemoteWebDriver.java:500)
	at org.openqa.selenium.By$ByXPath.findElement(By.java:361)
	at org.openqa.selenium.remote.RemoteWebDriver.findElement(RemoteWebDriver.java:355)
	at AutomationFramework.Customised_Statement.Customised_Statement_Click_Test(Customised_Statement.java:51)
... Removed 29 stack frames</div></td></tr></table><p class="totop"><a href="#summary">back to summary</a></p><h3 id="m1">AutomationFramework.Deposit_Money#Deposit_Click_Test</h3><table class="result"><tr><th>Exception</th></tr><tr><td><div class="stacktrace">org.openqa.selenium.NoSuchElementException: no such element: Unable to locate element: {&quot;method&quot;:&quot;xpath&quot;,&quot;selector&quot;:&quot;//a[@href=&apos;WithdrawalInput.php&apos; and text()=&apos;Withdrawal&apos;]&quot;}
  (Session info: chrome=54.0.2840.99)
  (Driver info: chromedriver=2.24.417431 (9aea000394714d2fbb20850021f6204f2256b9cf),platform=Windows NT 6.1.7601 SP1 x86_64) (WARNING: The server did not provide any stacktrace information)
Command duration or timeout: 5.03 seconds
For documentation on this error, please visit: http://seleniumhq.org/exceptions/no_such_element.html
Build info: version: &apos;2.53.1&apos;, revision: &apos;a36b8b1cd5757287168e54b817830adce9b0158d&apos;, time: &apos;2016-06-30 19:26:09&apos;
System info: host: &apos;HaridwarRajshri&apos;, ip: &apos;192.168.0.7&apos;, os.name: &apos;Windows 7&apos;, os.arch: &apos;amd64&apos;, os.version: &apos;6.1&apos;, java.version: &apos;1.8.0_101&apos;
Driver info: org.openqa.selenium.chrome.ChromeDriver
Capabilities [{applicationCacheEnabled=false, rotatable=false, mobileEmulationEnabled=false, networkConnectionEnabled=false, chrome={chromedriverVersion=2.24.417431 (9aea000394714d2fbb20850021f6204f2256b9cf), userDataDir=C:\Users\Haridwar Rajshri\AppData\Local\Temp\scoped_dir2156_9365}, takesHeapSnapshot=true, pageLoadStrategy=normal, databaseEnabled=false, handlesAlerts=true, hasTouchScreen=false, version=54.0.2840.99, platform=XP, browserConnectionEnabled=false, nativeEvents=true, acceptSslCerts=true, locationContextEnabled=true, webStorageEnabled=true, browserName=chrome, takesScreenshot=true, javascriptEnabled=true, cssSelectorsEnabled=true}]
Session ID: eed5c97cd05ae6c929364ab7014df0ed
*** Element info: {Using=xpath, value=//a[@href=&apos;WithdrawalInput.php&apos; and text()=&apos;Withdrawal&apos;]}
	at org.openqa.selenium.remote.ErrorHandler.createThrowable(ErrorHandler.java:206)
	at org.openqa.selenium.remote.ErrorHandler.throwIfResponseFailed(ErrorHandler.java:158)
	at org.openqa.selenium.remote.RemoteWebDriver.execute(RemoteWebDriver.java:678)
	at org.openqa.selenium.remote.RemoteWebDriver.findElement(RemoteWebDriver.java:363)
	at org.openqa.selenium.remote.RemoteWebDriver.findElementByXPath(RemoteWebDriver.java:500)
	at org.openqa.selenium.By$ByXPath.findElement(By.java:361)
	at org.openqa.selenium.remote.RemoteWebDriver.findElement(RemoteWebDriver.java:355)
	at AutomationFramework.Deposit_Money.Deposit_Click_Test(Deposit_Money.java:50)
... Removed 29 stack frames</div></td></tr></table><p class="totop"><a href="#summary">back to summary</a></p><h3 id="m2">AutomationFramework.MiniStatement#MiniStatement_Click_Test</h3><table class="result"><tr><th>Exception</th></tr><tr><td><div class="stacktrace">org.openqa.selenium.NoSuchElementException: no such element: Unable to locate element: {&quot;method&quot;:&quot;xpath&quot;,&quot;selector&quot;:&quot;//a[@href=&apos;MiniStatementInput.php&apos; and text()=&apos;Mini Statement&apos;]&quot;}
  (Session info: chrome=54.0.2840.99)
  (Driver info: chromedriver=2.24.417431 (9aea000394714d2fbb20850021f6204f2256b9cf),platform=Windows NT 6.1.7601 SP1 x86_64) (WARNING: The server did not provide any stacktrace information)
Command duration or timeout: 5.03 seconds
For documentation on this error, please visit: http://seleniumhq.org/exceptions/no_such_element.html
Build info: version: &apos;2.53.1&apos;, revision: &apos;a36b8b1cd5757287168e54b817830adce9b0158d&apos;, time: &apos;2016-06-30 19:26:09&apos;
System info: host: &apos;HaridwarRajshri&apos;, ip: &apos;192.168.0.7&apos;, os.name: &apos;Windows 7&apos;, os.arch: &apos;amd64&apos;, os.version: &apos;6.1&apos;, java.version: &apos;1.8.0_101&apos;
Driver info: org.openqa.selenium.chrome.ChromeDriver
Capabilities [{applicationCacheEnabled=false, rotatable=false, mobileEmulationEnabled=false, networkConnectionEnabled=false, chrome={chromedriverVersion=2.24.417431 (9aea000394714d2fbb20850021f6204f2256b9cf), userDataDir=C:\Users\Haridwar Rajshri\AppData\Local\Temp\scoped_dir4544_19230}, takesHeapSnapshot=true, pageLoadStrategy=normal, databaseEnabled=false, handlesAlerts=true, hasTouchScreen=false, version=54.0.2840.99, platform=XP, browserConnectionEnabled=false, nativeEvents=true, acceptSslCerts=true, locationContextEnabled=true, webStorageEnabled=true, browserName=chrome, takesScreenshot=true, javascriptEnabled=true, cssSelectorsEnabled=true}]
Session ID: 6181a2a5380c1ac2a2c10057717909de
*** Element info: {Using=xpath, value=//a[@href=&apos;MiniStatementInput.php&apos; and text()=&apos;Mini Statement&apos;]}
	at org.openqa.selenium.remote.ErrorHandler.createThrowable(ErrorHandler.java:206)
	at org.openqa.selenium.remote.ErrorHandler.throwIfResponseFailed(ErrorHandler.java:158)
	at org.openqa.selenium.remote.RemoteWebDriver.execute(RemoteWebDriver.java:678)
	at org.openqa.selenium.remote.RemoteWebDriver.findElement(RemoteWebDriver.java:363)
	at org.openqa.selenium.remote.RemoteWebDriver.findElementByXPath(RemoteWebDriver.java:500)
	at org.openqa.selenium.By$ByXPath.findElement(By.java:361)
	at org.openqa.selenium.remote.RemoteWebDriver.findElement(RemoteWebDriver.java:355)
	at AutomationFramework.MiniStatement.MiniStatement_Click_Test(MiniStatement.java:42)
... Removed 29 stack frames</div></td></tr></table><p class="totop"><a href="#summary">back to summary</a></p><h3 id="m3">AutomationFramework.Withdraw_Money#Deposit_Click_Test</h3><table class="result"><tr><th>Exception</th></tr><tr><td><div class="stacktrace">org.openqa.selenium.NoSuchElementException: no such element: Unable to locate element: {&quot;method&quot;:&quot;xpath&quot;,&quot;selector&quot;:&quot;//a[@href=&apos;WithdrawalInput.php&apos; and text()=&apos;Withdrawal&apos;]&quot;}
  (Session info: chrome=54.0.2840.99)
  (Driver info: chromedriver=2.24.417431 (9aea000394714d2fbb20850021f6204f2256b9cf),platform=Windows NT 6.1.7601 SP1 x86_64) (WARNING: The server did not provide any stacktrace information)
Command duration or timeout: 5.03 seconds
For documentation on this error, please visit: http://seleniumhq.org/exceptions/no_such_element.html
Build info: version: &apos;2.53.1&apos;, revision: &apos;a36b8b1cd5757287168e54b817830adce9b0158d&apos;, time: &apos;2016-06-30 19:26:09&apos;
System info: host: &apos;HaridwarRajshri&apos;, ip: &apos;192.168.0.7&apos;, os.name: &apos;Windows 7&apos;, os.arch: &apos;amd64&apos;, os.version: &apos;6.1&apos;, java.version: &apos;1.8.0_101&apos;
Driver info: org.openqa.selenium.chrome.ChromeDriver
Capabilities [{applicationCacheEnabled=false, rotatable=false, mobileEmulationEnabled=false, networkConnectionEnabled=false, chrome={chromedriverVersion=2.24.417431 (9aea000394714d2fbb20850021f6204f2256b9cf), userDataDir=C:\Users\Haridwar Rajshri\AppData\Local\Temp\scoped_dir2676_9739}, takesHeapSnapshot=true, pageLoadStrategy=normal, databaseEnabled=false, handlesAlerts=true, hasTouchScreen=false, version=54.0.2840.99, platform=XP, browserConnectionEnabled=false, nativeEvents=true, acceptSslCerts=true, locationContextEnabled=true, webStorageEnabled=true, browserName=chrome, takesScreenshot=true, javascriptEnabled=true, cssSelectorsEnabled=true}]
Session ID: c9b8d27c5e83d6d170e09ba43699d9b3
*** Element info: {Using=xpath, value=//a[@href=&apos;WithdrawalInput.php&apos; and text()=&apos;Withdrawal&apos;]}
	at org.openqa.selenium.remote.ErrorHandler.createThrowable(ErrorHandler.java:206)
	at org.openqa.selenium.remote.ErrorHandler.throwIfResponseFailed(ErrorHandler.java:158)
	at org.openqa.selenium.remote.RemoteWebDriver.execute(RemoteWebDriver.java:678)
	at org.openqa.selenium.remote.RemoteWebDriver.findElement(RemoteWebDriver.java:363)
	at org.openqa.selenium.remote.RemoteWebDriver.findElementByXPath(RemoteWebDriver.java:500)
	at org.openqa.selenium.By$ByXPath.findElement(By.java:361)
	at org.openqa.selenium.remote.RemoteWebDriver.findElement(RemoteWebDriver.java:355)
	at AutomationFramework.Withdraw_Money.Deposit_Click_Test(Withdraw_Money.java:49)
... Removed 29 stack frames</div></td></tr></table><p class="totop"><a href="#summary">back to summary</a></p><h3 id="m4">AutomationFramework.Customised_Statement#Customised_Statement_Get_Entries_Form_Test</h3><table class="result"><tr><th>Exception</th></tr><tr><td><div class="stacktrace">java.lang.Throwable: Method Customised_Statement.Customised_Statement_Get_Entries_Form_Test()[pri:1, instance:AutomationFramework.Customised_Statement@553f17c] depends on not successfully finished methods in group &quot;custom&quot;
... Removed 18 stack frames</div></td></tr></table><p class="totop"><a href="#summary">back to summary</a></p><h3 id="m5">AutomationFramework.Customised_Statement#Customised_Statement_Get_Entries_Test</h3><table class="result"><tr><th>Exception</th></tr><tr><td><div class="stacktrace">java.lang.Throwable: Method Customised_Statement.Customised_Statement_Get_Entries_Test()[pri:2, instance:AutomationFramework.Customised_Statement@553f17c] depends on not successfully finished methods in group &quot;custom&quot;
... Removed 18 stack frames</div></td></tr></table><p class="totop"><a href="#summary">back to summary</a></p><h3 id="m6">AutomationFramework.Deposit_Money#Deposit_Form_Test</h3><table class="result"><tr><th>Exception</th></tr><tr><td><div class="stacktrace">java.lang.Throwable: Method Deposit_Money.Deposit_Form_Test()[pri:1, instance:AutomationFramework.Deposit_Money@3c0ecd4b] depends on not successfully finished methods in group &quot;deposit&quot;
... Removed 18 stack frames</div></td></tr></table><p class="totop"><a href="#summary">back to summary</a></p><h3 id="m7">AutomationFramework.Deposit_Money#write_Deposit_Amount_Log_To_TxtFile</h3><table class="result"><tr><th>Exception</th></tr><tr><td><div class="stacktrace">java.lang.Throwable: Method Deposit_Money.write_Deposit_Amount_Log_To_TxtFile()[pri:2, instance:AutomationFramework.Deposit_Money@3c0ecd4b] depends on not successfully finished methods in group &quot;deposit&quot;
... Removed 18 stack frames</div></td></tr></table><p class="totop"><a href="#summary">back to summary</a></p><h3 id="m8">AutomationFramework.MiniStatement#MiniStatement_Get_Entries_Form_Test</h3><table class="result"><tr><th>Exception</th></tr><tr><td><div class="stacktrace">java.lang.Throwable: Method MiniStatement.MiniStatement_Get_Entries_Form_Test()[pri:0, instance:AutomationFramework.MiniStatement@5f341870] depends on not successfully finished methods
... Removed 18 stack frames</div></td></tr></table><p class="totop"><a href="#summary">back to summary</a></p><h3 id="m9">AutomationFramework.MiniStatement#MiniStatement_Get_Entries_Test</h3><table class="result"><tr><th>Exception</th></tr><tr><td><div class="stacktrace">java.lang.Throwable: Method MiniStatement.MiniStatement_Get_Entries_Test()[pri:0, instance:AutomationFramework.MiniStatement@5f341870] depends on not successfully finished methods
... Removed 18 stack frames</div></td></tr></table><p class="totop"><a href="#summary">back to summary</a></p><h3 id="m10">AutomationFramework.Withdraw_Money#Deposit_Form_Test</h3><table class="result"><tr><th>Exception</th></tr><tr><td><div class="stacktrace">java.lang.Throwable: Method Withdraw_Money.Deposit_Form_Test()[pri:1, instance:AutomationFramework.Withdraw_Money@14bf9759] depends on not successfully finished methods in group &quot;Withdrawal&quot;
... Removed 18 stack frames</div></td></tr></table><p class="totop"><a href="#summary">back to summary</a></p><h3 id="m11">AutomationFramework.Withdraw_Money#write_Deposit_Amount_Log_To_TxtFile</h3><table class="result"><tr><th>Exception</th></tr><tr><td><div class="stacktrace">java.lang.Throwable: Method Withdraw_Money.write_Deposit_Amount_Log_To_TxtFile()[pri:2, instance:AutomationFramework.Withdraw_Money@14bf9759] depends on not successfully finished methods in group &quot;Withdrawal&quot;
... Removed 18 stack frames</div></td></tr></table><p class="totop"><a href="#summary">back to summary</a></p><h3 id="m12">AutomationFramework.SignIn#mainTest3</h3><table class="result"></table><p class="totop"><a href="#summary">back to summary</a></p></body></html>