<!DOCTYPE html>

<html>
  <head>
  <meta charset='utf-8'>
  <title>TestNG reports</title>

    <link type="text/css" href="testng-reports.css" rel="stylesheet" />  
    <script type="text/javascript" src="jquery-1.7.1.min.js"></script>
    <script type="text/javascript" src="testng-reports.js"></script>
    <script type="text/javascript" src="https://www.google.com/jsapi"></script>
    <script type='text/javascript'>
      google.load('visualization', '1', {packages:['table']});
      google.setOnLoadCallback(drawTable);
      var suiteTableInitFunctions = new Array();
      var suiteTableData = new Array();
    </script>
    <!--
      <script type="text/javascript" src="jquery-ui/js/jquery-ui-1.8.16.custom.min.js"></script>
     -->
  </head>

  <body>
    <div class="top-banner-root">
      <span class="top-banner-title-font">Test results</span>
      <br/>
      <span class="top-banner-font-1">1 suite, 4 failed tests</span>
    </div> <!-- top-banner-root -->
    <div class="navigator-root">
      <div class="navigator-suite-header">
        <span>All suites</span>
        <a href="#" class="collapse-all-link" title="Collapse/expand all the suites">
          <img class="collapse-all-icon" src="collapseall.gif">
          </img> <!-- collapse-all-icon -->
        </a> <!-- collapse-all-link -->
      </div> <!-- navigator-suite-header -->
      <div class="suite">
        <div class="rounded-window">
          <div class="suite-header light-rounded-window-top">
            <a href="#" class="navigator-link" panel-name="suite-test-output//BankWebsite2">
              <span class="suite-name border-failed">test-output//BankWebsite2</span>
            </a> <!-- navigator-link -->
          </div> <!-- suite-header light-rounded-window-top -->
          <div class="navigator-suite-content">
            <div class="suite-section-title">
              <span>Info</span>
            </div> <!-- suite-section-title -->
            <div class="suite-section-content">
              <ul>
                <li>
                  <a href="#" class="navigator-link " panel-name="test-xml-test-output//BankWebsite2">
                    <span>E:\Eclipse\Eclipse Neon\Eclipseworkspace\guru99BankMaven\testng.xml</span>
                  </a> <!-- navigator-link  -->
                </li>
                <li>
                  <a href="#" class="navigator-link " panel-name="testlist-test-output//BankWebsite2">
                    <span class="test-stats">1 test</span>
                  </a> <!-- navigator-link  -->
                </li>
                <li>
                  <a href="#" class="navigator-link " panel-name="group-test-output//BankWebsite2">
                    <span>3 groups</span>
                  </a> <!-- navigator-link  -->
                </li>
                <li>
                  <a href="#" class="navigator-link " panel-name="times-test-output//BankWebsite2">
                    <span>Times</span>
                  </a> <!-- navigator-link  -->
                </li>
                <li>
                  <a href="#" class="navigator-link " panel-name="reporter-test-output//BankWebsite2">
                    <span>Reporter output</span>
                  </a> <!-- navigator-link  -->
                </li>
                <li>
                  <a href="#" class="navigator-link " panel-name="ignored-methods-test-output//BankWebsite2">
                    <span>Ignored methods</span>
                  </a> <!-- navigator-link  -->
                </li>
                <li>
                  <a href="#" class="navigator-link " panel-name="chronological-test-output//BankWebsite2">
                    <span>Chronological view</span>
                  </a> <!-- navigator-link  -->
                </li>
              </ul>
            </div> <!-- suite-section-content -->
            <div class="result-section">
              <div class="suite-section-title">
                <span>Results</span>
              </div> <!-- suite-section-title -->
              <div class="suite-section-content">
                <ul>
                  <li>
                    <span class="method-stats">13 methods, 4 failed,  8 skipped,  1 passed</span>
                  </li>
                  <li>
                    <span class="method-list-title failed">Failed methods</span>
                    <span class="show-or-hide-methods failed">
                      <a href="#" panel-name="suite-test-output//BankWebsite2" class="hide-methods failed suite-test-output//BankWebsite2"> (hide)</a> <!-- hide-methods failed suite-test-output//BankWebsite2 -->
                      <a href="#" panel-name="suite-test-output//BankWebsite2" class="show-methods failed suite-test-output//BankWebsite2"> (show)</a> <!-- show-methods failed suite-test-output//BankWebsite2 -->
                    </span>
                    <div class="method-list-content failed suite-test-output//BankWebsite2">
                      <span>
                        <img width="3%" src="failed.png"/>
                        <a href="#" class="method navigator-link" panel-name="suite-test-output//BankWebsite2" title="AutomationFramework.Customised_Statement" hash-for-method="Customised_Statement_Click_Test">Customised_Statement_Click_Test</a> <!-- method navigator-link -->
                      </span>
                      <br/>
                      <span>
                        <img width="3%" src="failed.png"/>
                        <a href="#" class="method navigator-link" panel-name="suite-test-output//BankWebsite2" title="AutomationFramework.Withdraw_Money" hash-for-method="Deposit_Click_Test">Deposit_Click_Test</a> <!-- method navigator-link -->
                      </span>
                      <br/>
                      <span>
                        <img width="3%" src="failed.png"/>
                        <a href="#" class="method navigator-link" panel-name="suite-test-output//BankWebsite2" title="AutomationFramework.Deposit_Money" hash-for-method="Deposit_Click_Test">Deposit_Click_Test</a> <!-- method navigator-link -->
                      </span>
                      <br/>
                      <span>
                        <img width="3%" src="failed.png"/>
                        <a href="#" class="method navigator-link" panel-name="suite-test-output//BankWebsite2" title="AutomationFramework.MiniStatement" hash-for-method="MiniStatement_Click_Test">MiniStatement_Click_Test</a> <!-- method navigator-link -->
                      </span>
                      <br/>
                    </div> <!-- method-list-content failed suite-test-output//BankWebsite2 -->
                  </li>
                  <li>
                    <span class="method-list-title skipped">Skipped methods</span>
                    <span class="show-or-hide-methods skipped">
                      <a href="#" panel-name="suite-test-output//BankWebsite2" class="hide-methods skipped suite-test-output//BankWebsite2"> (hide)</a> <!-- hide-methods skipped suite-test-output//BankWebsite2 -->
                      <a href="#" panel-name="suite-test-output//BankWebsite2" class="show-methods skipped suite-test-output//BankWebsite2"> (show)</a> <!-- show-methods skipped suite-test-output//BankWebsite2 -->
                    </span>
                    <div class="method-list-content skipped suite-test-output//BankWebsite2">
                      <span>
                        <img width="3%" src="skipped.png"/>
                        <a href="#" class="method navigator-link" panel-name="suite-test-output//BankWebsite2" title="AutomationFramework.Customised_Statement" hash-for-method="Customised_Statement_Get_Entries_Form_Test">Customised_Statement_Get_Entries_Form_Test</a> <!-- method navigator-link -->
                      </span>
                      <br/>
                      <span>
                        <img width="3%" src="skipped.png"/>
                        <a href="#" class="method navigator-link" panel-name="suite-test-output//BankWebsite2" title="AutomationFramework.Customised_Statement" hash-for-method="Customised_Statement_Get_Entries_Test">Customised_Statement_Get_Entries_Test</a> <!-- method navigator-link -->
                      </span>
                      <br/>
                      <span>
                        <img width="3%" src="skipped.png"/>
                        <a href="#" class="method navigator-link" panel-name="suite-test-output//BankWebsite2" title="AutomationFramework.Deposit_Money" hash-for-method="Deposit_Form_Test">Deposit_Form_Test</a> <!-- method navigator-link -->
                      </span>
                      <br/>
                      <span>
                        <img width="3%" src="skipped.png"/>
                        <a href="#" class="method navigator-link" panel-name="suite-test-output//BankWebsite2" title="AutomationFramework.Withdraw_Money" hash-for-method="Deposit_Form_Test">Deposit_Form_Test</a> <!-- method navigator-link -->
                      </span>
                      <br/>
                      <span>
                        <img width="3%" src="skipped.png"/>
                        <a href="#" class="method navigator-link" panel-name="suite-test-output//BankWebsite2" title="AutomationFramework.MiniStatement" hash-for-method="MiniStatement_Get_Entries_Form_Test">MiniStatement_Get_Entries_Form_Test</a> <!-- method navigator-link -->
                      </span>
                      <br/>
                      <span>
                        <img width="3%" src="skipped.png"/>
                        <a href="#" class="method navigator-link" panel-name="suite-test-output//BankWebsite2" title="AutomationFramework.MiniStatement" hash-for-method="MiniStatement_Get_Entries_Test">MiniStatement_Get_Entries_Test</a> <!-- method navigator-link -->
                      </span>
                      <br/>
                      <span>
                        <img width="3%" src="skipped.png"/>
                        <a href="#" class="method navigator-link" panel-name="suite-test-output//BankWebsite2" title="AutomationFramework.Deposit_Money" hash-for-method="write_Deposit_Amount_Log_To_TxtFile">write_Deposit_Amount_Log_To_TxtFile</a> <!-- method navigator-link -->
                      </span>
                      <br/>
                      <span>
                        <img width="3%" src="skipped.png"/>
                        <a href="#" class="method navigator-link" panel-name="suite-test-output//BankWebsite2" title="AutomationFramework.Withdraw_Money" hash-for-method="write_Deposit_Amount_Log_To_TxtFile">write_Deposit_Amount_Log_To_TxtFile</a> <!-- method navigator-link -->
                      </span>
                      <br/>
                    </div> <!-- method-list-content skipped suite-test-output//BankWebsite2 -->
                  </li>
                  <li>
                    <span class="method-list-title passed">Passed methods</span>
                    <span class="show-or-hide-methods passed">
                      <a href="#" panel-name="suite-test-output//BankWebsite2" class="hide-methods passed suite-test-output//BankWebsite2"> (hide)</a> <!-- hide-methods passed suite-test-output//BankWebsite2 -->
                      <a href="#" panel-name="suite-test-output//BankWebsite2" class="show-methods passed suite-test-output//BankWebsite2"> (show)</a> <!-- show-methods passed suite-test-output//BankWebsite2 -->
                    </span>
                    <div class="method-list-content passed suite-test-output//BankWebsite2">
                      <span>
                        <img width="3%" src="passed.png"/>
                        <a href="#" class="method navigator-link" panel-name="suite-test-output//BankWebsite2" title="AutomationFramework.SignIn" hash-for-method="mainTest3">mainTest3</a> <!-- method navigator-link -->
                      </span>
                      <br/>
                    </div> <!-- method-list-content passed suite-test-output//BankWebsite2 -->
                  </li>
                </ul>
              </div> <!-- suite-section-content -->
            </div> <!-- result-section -->
          </div> <!-- navigator-suite-content -->
        </div> <!-- rounded-window -->
      </div> <!-- suite -->
    </div> <!-- navigator-root -->
    <div class="wrapper">
      <div class="main-panel-root">
        <div panel-name="suite-test-output//BankWebsite2" class="panel test-output//BankWebsite2">
          <div class="suite-test-output//BankWebsite2-class-failed">
            <div class="main-panel-header rounded-window-top">
              <img src="failed.png"/>
              <span class="class-name">AutomationFramework.Customised_Statement</span>
            </div> <!-- main-panel-header rounded-window-top -->
            <div class="main-panel-content rounded-window-bottom">
              <div class="method">
                <div class="method-content">
                  <a name="Customised_Statement_Click_Test">
                  </a> <!-- Customised_Statement_Click_Test -->
                  <span class="method-name">Customised_Statement_Click_Test</span>
                  <div class="stack-trace">org.openqa.selenium.NoSuchElementException: no such element: Unable to locate element: {&quot;method&quot;:&quot;xpath&quot;,&quot;selector&quot;:&quot;//a[@href=&apos;CustomisedStatementInput.php&apos; and text()=&apos;Customised Statement&apos;]&quot;}
  (Session info: chrome=54.0.2840.99)
  (Driver info: chromedriver=2.24.417431 (9aea000394714d2fbb20850021f6204f2256b9cf),platform=Windows NT 6.1.7601 SP1 x86_64) (WARNING: The server did not provide any stacktrace information)
Command duration or timeout: 5.02 seconds
For documentation on this error, please visit: http://seleniumhq.org/exceptions/no_such_element.html
Build info: version: &apos;2.53.1&apos;, revision: &apos;a36b8b1cd5757287168e54b817830adce9b0158d&apos;, time: &apos;2016-06-30 19:26:09&apos;
System info: host: &apos;HaridwarRajshri&apos;, ip: &apos;192.168.0.7&apos;, os.name: &apos;Windows 7&apos;, os.arch: &apos;amd64&apos;, os.version: &apos;6.1&apos;, java.version: &apos;1.8.0_101&apos;
Driver info: org.openqa.selenium.chrome.ChromeDriver
Capabilities [{applicationCacheEnabled=false, rotatable=false, mobileEmulationEnabled=false, networkConnectionEnabled=false, chrome={chromedriverVersion=2.24.417431 (9aea000394714d2fbb20850021f6204f2256b9cf), userDataDir=C:\Users\Haridwar Rajshri\AppData\Local\Temp\scoped_dir4972_18800}, takesHeapSnapshot=true, pageLoadStrategy=normal, databaseEnabled=false, handlesAlerts=true, hasTouchScreen=false, version=54.0.2840.99, platform=XP, browserConnectionEnabled=false, nativeEvents=true, acceptSslCerts=true, locationContextEnabled=true, webStorageEnabled=true, browserName=chrome, takesScreenshot=true, javascriptEnabled=true, cssSelectorsEnabled=true}]
Session ID: 867afd4201a2ff429c80556e80358fba
*** Element info: {Using=xpath, value=//a[@href=&apos;CustomisedStatementInput.php&apos; and text()=&apos;Customised Statement&apos;]}
	at org.openqa.selenium.remote.ErrorHandler.createThrowable(ErrorHandler.java:206)
	at org.openqa.selenium.remote.ErrorHandler.throwIfResponseFailed(ErrorHandler.java:158)
	at org.openqa.selenium.remote.RemoteWebDriver.execute(RemoteWebDriver.java:678)
	at org.openqa.selenium.remote.RemoteWebDriver.findElement(RemoteWebDriver.java:363)
	at org.openqa.selenium.remote.RemoteWebDriver.findElementByXPath(RemoteWebDriver.java:500)
	at org.openqa.selenium.By$ByXPath.findElement(By.java:361)
	at org.openqa.selenium.remote.RemoteWebDriver.findElement(RemoteWebDriver.java:355)
	at AutomationFramework.Customised_Statement.Customised_Statement_Click_Test(Customised_Statement.java:51)
... Removed 29 stack frames
</div> <!-- stack-trace -->
                </div> <!-- method-content -->
              </div> <!-- method -->
            </div> <!-- main-panel-content rounded-window-bottom -->
          </div> <!-- suite-test-output//BankWebsite2-class-failed -->
          <div class="suite-test-output//BankWebsite2-class-failed">
            <div class="main-panel-header rounded-window-top">
              <img src="failed.png"/>
              <span class="class-name">AutomationFramework.Deposit_Money</span>
            </div> <!-- main-panel-header rounded-window-top -->
            <div class="main-panel-content rounded-window-bottom">
              <div class="method">
                <div class="method-content">
                  <a name="Deposit_Click_Test">
                  </a> <!-- Deposit_Click_Test -->
                  <span class="method-name">Deposit_Click_Test</span>
                  <div class="stack-trace">org.openqa.selenium.NoSuchElementException: no such element: Unable to locate element: {&quot;method&quot;:&quot;xpath&quot;,&quot;selector&quot;:&quot;//a[@href=&apos;WithdrawalInput.php&apos; and text()=&apos;Withdrawal&apos;]&quot;}
  (Session info: chrome=54.0.2840.99)
  (Driver info: chromedriver=2.24.417431 (9aea000394714d2fbb20850021f6204f2256b9cf),platform=Windows NT 6.1.7601 SP1 x86_64) (WARNING: The server did not provide any stacktrace information)
Command duration or timeout: 5.03 seconds
For documentation on this error, please visit: http://seleniumhq.org/exceptions/no_such_element.html
Build info: version: &apos;2.53.1&apos;, revision: &apos;a36b8b1cd5757287168e54b817830adce9b0158d&apos;, time: &apos;2016-06-30 19:26:09&apos;
System info: host: &apos;HaridwarRajshri&apos;, ip: &apos;192.168.0.7&apos;, os.name: &apos;Windows 7&apos;, os.arch: &apos;amd64&apos;, os.version: &apos;6.1&apos;, java.version: &apos;1.8.0_101&apos;
Driver info: org.openqa.selenium.chrome.ChromeDriver
Capabilities [{applicationCacheEnabled=false, rotatable=false, mobileEmulationEnabled=false, networkConnectionEnabled=false, chrome={chromedriverVersion=2.24.417431 (9aea000394714d2fbb20850021f6204f2256b9cf), userDataDir=C:\Users\Haridwar Rajshri\AppData\Local\Temp\scoped_dir2156_9365}, takesHeapSnapshot=true, pageLoadStrategy=normal, databaseEnabled=false, handlesAlerts=true, hasTouchScreen=false, version=54.0.2840.99, platform=XP, browserConnectionEnabled=false, nativeEvents=true, acceptSslCerts=true, locationContextEnabled=true, webStorageEnabled=true, browserName=chrome, takesScreenshot=true, javascriptEnabled=true, cssSelectorsEnabled=true}]
Session ID: eed5c97cd05ae6c929364ab7014df0ed
*** Element info: {Using=xpath, value=//a[@href=&apos;WithdrawalInput.php&apos; and text()=&apos;Withdrawal&apos;]}
	at org.openqa.selenium.remote.ErrorHandler.createThrowable(ErrorHandler.java:206)
	at org.openqa.selenium.remote.ErrorHandler.throwIfResponseFailed(ErrorHandler.java:158)
	at org.openqa.selenium.remote.RemoteWebDriver.execute(RemoteWebDriver.java:678)
	at org.openqa.selenium.remote.RemoteWebDriver.findElement(RemoteWebDriver.java:363)
	at org.openqa.selenium.remote.RemoteWebDriver.findElementByXPath(RemoteWebDriver.java:500)
	at org.openqa.selenium.By$ByXPath.findElement(By.java:361)
	at org.openqa.selenium.remote.RemoteWebDriver.findElement(RemoteWebDriver.java:355)
	at AutomationFramework.Deposit_Money.Deposit_Click_Test(Deposit_Money.java:50)
... Removed 29 stack frames
</div> <!-- stack-trace -->
                </div> <!-- method-content -->
              </div> <!-- method -->
            </div> <!-- main-panel-content rounded-window-bottom -->
          </div> <!-- suite-test-output//BankWebsite2-class-failed -->
          <div class="suite-test-output//BankWebsite2-class-failed">
            <div class="main-panel-header rounded-window-top">
              <img src="failed.png"/>
              <span class="class-name">AutomationFramework.MiniStatement</span>
            </div> <!-- main-panel-header rounded-window-top -->
            <div class="main-panel-content rounded-window-bottom">
              <div class="method">
                <div class="method-content">
                  <a name="MiniStatement_Click_Test">
                  </a> <!-- MiniStatement_Click_Test -->
                  <span class="method-name">MiniStatement_Click_Test</span>
                  <div class="stack-trace">org.openqa.selenium.NoSuchElementException: no such element: Unable to locate element: {&quot;method&quot;:&quot;xpath&quot;,&quot;selector&quot;:&quot;//a[@href=&apos;MiniStatementInput.php&apos; and text()=&apos;Mini Statement&apos;]&quot;}
  (Session info: chrome=54.0.2840.99)
  (Driver info: chromedriver=2.24.417431 (9aea000394714d2fbb20850021f6204f2256b9cf),platform=Windows NT 6.1.7601 SP1 x86_64) (WARNING: The server did not provide any stacktrace information)
Command duration or timeout: 5.03 seconds
For documentation on this error, please visit: http://seleniumhq.org/exceptions/no_such_element.html
Build info: version: &apos;2.53.1&apos;, revision: &apos;a36b8b1cd5757287168e54b817830adce9b0158d&apos;, time: &apos;2016-06-30 19:26:09&apos;
System info: host: &apos;HaridwarRajshri&apos;, ip: &apos;192.168.0.7&apos;, os.name: &apos;Windows 7&apos;, os.arch: &apos;amd64&apos;, os.version: &apos;6.1&apos;, java.version: &apos;1.8.0_101&apos;
Driver info: org.openqa.selenium.chrome.ChromeDriver
Capabilities [{applicationCacheEnabled=false, rotatable=false, mobileEmulationEnabled=false, networkConnectionEnabled=false, chrome={chromedriverVersion=2.24.417431 (9aea000394714d2fbb20850021f6204f2256b9cf), userDataDir=C:\Users\Haridwar Rajshri\AppData\Local\Temp\scoped_dir4544_19230}, takesHeapSnapshot=true, pageLoadStrategy=normal, databaseEnabled=false, handlesAlerts=true, hasTouchScreen=false, version=54.0.2840.99, platform=XP, browserConnectionEnabled=false, nativeEvents=true, acceptSslCerts=true, locationContextEnabled=true, webStorageEnabled=true, browserName=chrome, takesScreenshot=true, javascriptEnabled=true, cssSelectorsEnabled=true}]
Session ID: 6181a2a5380c1ac2a2c10057717909de
*** Element info: {Using=xpath, value=//a[@href=&apos;MiniStatementInput.php&apos; and text()=&apos;Mini Statement&apos;]}
	at org.openqa.selenium.remote.ErrorHandler.createThrowable(ErrorHandler.java:206)
	at org.openqa.selenium.remote.ErrorHandler.throwIfResponseFailed(ErrorHandler.java:158)
	at org.openqa.selenium.remote.RemoteWebDriver.execute(RemoteWebDriver.java:678)
	at org.openqa.selenium.remote.RemoteWebDriver.findElement(RemoteWebDriver.java:363)
	at org.openqa.selenium.remote.RemoteWebDriver.findElementByXPath(RemoteWebDriver.java:500)
	at org.openqa.selenium.By$ByXPath.findElement(By.java:361)
	at org.openqa.selenium.remote.RemoteWebDriver.findElement(RemoteWebDriver.java:355)
	at AutomationFramework.MiniStatement.MiniStatement_Click_Test(MiniStatement.java:42)
... Removed 29 stack frames
</div> <!-- stack-trace -->
                </div> <!-- method-content -->
              </div> <!-- method -->
            </div> <!-- main-panel-content rounded-window-bottom -->
          </div> <!-- suite-test-output//BankWebsite2-class-failed -->
          <div class="suite-test-output//BankWebsite2-class-failed">
            <div class="main-panel-header rounded-window-top">
              <img src="failed.png"/>
              <span class="class-name">AutomationFramework.Withdraw_Money</span>
            </div> <!-- main-panel-header rounded-window-top -->
            <div class="main-panel-content rounded-window-bottom">
              <div class="method">
                <div class="method-content">
                  <a name="Deposit_Click_Test">
                  </a> <!-- Deposit_Click_Test -->
                  <span class="method-name">Deposit_Click_Test</span>
                  <div class="stack-trace">org.openqa.selenium.NoSuchElementException: no such element: Unable to locate element: {&quot;method&quot;:&quot;xpath&quot;,&quot;selector&quot;:&quot;//a[@href=&apos;WithdrawalInput.php&apos; and text()=&apos;Withdrawal&apos;]&quot;}
  (Session info: chrome=54.0.2840.99)
  (Driver info: chromedriver=2.24.417431 (9aea000394714d2fbb20850021f6204f2256b9cf),platform=Windows NT 6.1.7601 SP1 x86_64) (WARNING: The server did not provide any stacktrace information)
Command duration or timeout: 5.03 seconds
For documentation on this error, please visit: http://seleniumhq.org/exceptions/no_such_element.html
Build info: version: &apos;2.53.1&apos;, revision: &apos;a36b8b1cd5757287168e54b817830adce9b0158d&apos;, time: &apos;2016-06-30 19:26:09&apos;
System info: host: &apos;HaridwarRajshri&apos;, ip: &apos;192.168.0.7&apos;, os.name: &apos;Windows 7&apos;, os.arch: &apos;amd64&apos;, os.version: &apos;6.1&apos;, java.version: &apos;1.8.0_101&apos;
Driver info: org.openqa.selenium.chrome.ChromeDriver
Capabilities [{applicationCacheEnabled=false, rotatable=false, mobileEmulationEnabled=false, networkConnectionEnabled=false, chrome={chromedriverVersion=2.24.417431 (9aea000394714d2fbb20850021f6204f2256b9cf), userDataDir=C:\Users\Haridwar Rajshri\AppData\Local\Temp\scoped_dir2676_9739}, takesHeapSnapshot=true, pageLoadStrategy=normal, databaseEnabled=false, handlesAlerts=true, hasTouchScreen=false, version=54.0.2840.99, platform=XP, browserConnectionEnabled=false, nativeEvents=true, acceptSslCerts=true, locationContextEnabled=true, webStorageEnabled=true, browserName=chrome, takesScreenshot=true, javascriptEnabled=true, cssSelectorsEnabled=true}]
Session ID: c9b8d27c5e83d6d170e09ba43699d9b3
*** Element info: {Using=xpath, value=//a[@href=&apos;WithdrawalInput.php&apos; and text()=&apos;Withdrawal&apos;]}
	at org.openqa.selenium.remote.ErrorHandler.createThrowable(ErrorHandler.java:206)
	at org.openqa.selenium.remote.ErrorHandler.throwIfResponseFailed(ErrorHandler.java:158)
	at org.openqa.selenium.remote.RemoteWebDriver.execute(RemoteWebDriver.java:678)
	at org.openqa.selenium.remote.RemoteWebDriver.findElement(RemoteWebDriver.java:363)
	at org.openqa.selenium.remote.RemoteWebDriver.findElementByXPath(RemoteWebDriver.java:500)
	at org.openqa.selenium.By$ByXPath.findElement(By.java:361)
	at org.openqa.selenium.remote.RemoteWebDriver.findElement(RemoteWebDriver.java:355)
	at AutomationFramework.Withdraw_Money.Deposit_Click_Test(Withdraw_Money.java:49)
... Removed 29 stack frames
</div> <!-- stack-trace -->
                </div> <!-- method-content -->
              </div> <!-- method -->
            </div> <!-- main-panel-content rounded-window-bottom -->
          </div> <!-- suite-test-output//BankWebsite2-class-failed -->
          <div class="suite-test-output//BankWebsite2-class-skipped">
            <div class="main-panel-header rounded-window-top">
              <img src="skipped.png"/>
              <span class="class-name">AutomationFramework.Deposit_Money</span>
            </div> <!-- main-panel-header rounded-window-top -->
            <div class="main-panel-content rounded-window-bottom">
              <div class="method">
                <div class="method-content">
                  <a name="Deposit_Form_Test">
                  </a> <!-- Deposit_Form_Test -->
                  <span class="method-name">Deposit_Form_Test</span>
                  <div class="stack-trace">java.lang.Throwable: Method Deposit_Money.Deposit_Form_Test()[pri:1, instance:AutomationFramework.Deposit_Money@3c0ecd4b] depends on not successfully finished methods in group &quot;deposit&quot;
... Removed 18 stack frames
</div> <!-- stack-trace -->
                </div> <!-- method-content -->
              </div> <!-- method -->
              <div class="method">
                <div class="method-content">
                  <a name="write_Deposit_Amount_Log_To_TxtFile">
                  </a> <!-- write_Deposit_Amount_Log_To_TxtFile -->
                  <span class="method-name">write_Deposit_Amount_Log_To_TxtFile</span>
                  <div class="stack-trace">java.lang.Throwable: Method Deposit_Money.write_Deposit_Amount_Log_To_TxtFile()[pri:2, instance:AutomationFramework.Deposit_Money@3c0ecd4b] depends on not successfully finished methods in group &quot;deposit&quot;
... Removed 18 stack frames
</div> <!-- stack-trace -->
                </div> <!-- method-content -->
              </div> <!-- method -->
            </div> <!-- main-panel-content rounded-window-bottom -->
          </div> <!-- suite-test-output//BankWebsite2-class-skipped -->
          <div class="suite-test-output//BankWebsite2-class-skipped">
            <div class="main-panel-header rounded-window-top">
              <img src="skipped.png"/>
              <span class="class-name">AutomationFramework.Customised_Statement</span>
            </div> <!-- main-panel-header rounded-window-top -->
            <div class="main-panel-content rounded-window-bottom">
              <div class="method">
                <div class="method-content">
                  <a name="Customised_Statement_Get_Entries_Form_Test">
                  </a> <!-- Customised_Statement_Get_Entries_Form_Test -->
                  <span class="method-name">Customised_Statement_Get_Entries_Form_Test</span>
                  <div class="stack-trace">java.lang.Throwable: Method Customised_Statement.Customised_Statement_Get_Entries_Form_Test()[pri:1, instance:AutomationFramework.Customised_Statement@553f17c] depends on not successfully finished methods in group &quot;custom&quot;
... Removed 18 stack frames
</div> <!-- stack-trace -->
                </div> <!-- method-content -->
              </div> <!-- method -->
              <div class="method">
                <div class="method-content">
                  <a name="Customised_Statement_Get_Entries_Test">
                  </a> <!-- Customised_Statement_Get_Entries_Test -->
                  <span class="method-name">Customised_Statement_Get_Entries_Test</span>
                  <div class="stack-trace">java.lang.Throwable: Method Customised_Statement.Customised_Statement_Get_Entries_Test()[pri:2, instance:AutomationFramework.Customised_Statement@553f17c] depends on not successfully finished methods in group &quot;custom&quot;
... Removed 18 stack frames
</div> <!-- stack-trace -->
                </div> <!-- method-content -->
              </div> <!-- method -->
            </div> <!-- main-panel-content rounded-window-bottom -->
          </div> <!-- suite-test-output//BankWebsite2-class-skipped -->
          <div class="suite-test-output//BankWebsite2-class-skipped">
            <div class="main-panel-header rounded-window-top">
              <img src="skipped.png"/>
              <span class="class-name">AutomationFramework.MiniStatement</span>
            </div> <!-- main-panel-header rounded-window-top -->
            <div class="main-panel-content rounded-window-bottom">
              <div class="method">
                <div class="method-content">
                  <a name="MiniStatement_Get_Entries_Form_Test">
                  </a> <!-- MiniStatement_Get_Entries_Form_Test -->
                  <span class="method-name">MiniStatement_Get_Entries_Form_Test</span>
                  <div class="stack-trace">java.lang.Throwable: Method MiniStatement.MiniStatement_Get_Entries_Form_Test()[pri:0, instance:AutomationFramework.MiniStatement@5f341870] depends on not successfully finished methods
... Removed 18 stack frames
</div> <!-- stack-trace -->
                </div> <!-- method-content -->
              </div> <!-- method -->
              <div class="method">
                <div class="method-content">
                  <a name="MiniStatement_Get_Entries_Test">
                  </a> <!-- MiniStatement_Get_Entries_Test -->
                  <span class="method-name">MiniStatement_Get_Entries_Test</span>
                  <div class="stack-trace">java.lang.Throwable: Method MiniStatement.MiniStatement_Get_Entries_Test()[pri:0, instance:AutomationFramework.MiniStatement@5f341870] depends on not successfully finished methods
... Removed 18 stack frames
</div> <!-- stack-trace -->
                </div> <!-- method-content -->
              </div> <!-- method -->
            </div> <!-- main-panel-content rounded-window-bottom -->
          </div> <!-- suite-test-output//BankWebsite2-class-skipped -->
          <div class="suite-test-output//BankWebsite2-class-skipped">
            <div class="main-panel-header rounded-window-top">
              <img src="skipped.png"/>
              <span class="class-name">AutomationFramework.Withdraw_Money</span>
            </div> <!-- main-panel-header rounded-window-top -->
            <div class="main-panel-content rounded-window-bottom">
              <div class="method">
                <div class="method-content">
                  <a name="Deposit_Form_Test">
                  </a> <!-- Deposit_Form_Test -->
                  <span class="method-name">Deposit_Form_Test</span>
                  <div class="stack-trace">java.lang.Throwable: Method Withdraw_Money.Deposit_Form_Test()[pri:1, instance:AutomationFramework.Withdraw_Money@14bf9759] depends on not successfully finished methods in group &quot;Withdrawal&quot;
... Removed 18 stack frames
</div> <!-- stack-trace -->
                </div> <!-- method-content -->
              </div> <!-- method -->
              <div class="method">
                <div class="method-content">
                  <a name="write_Deposit_Amount_Log_To_TxtFile">
                  </a> <!-- write_Deposit_Amount_Log_To_TxtFile -->
                  <span class="method-name">write_Deposit_Amount_Log_To_TxtFile</span>
                  <div class="stack-trace">java.lang.Throwable: Method Withdraw_Money.write_Deposit_Amount_Log_To_TxtFile()[pri:2, instance:AutomationFramework.Withdraw_Money@14bf9759] depends on not successfully finished methods in group &quot;Withdrawal&quot;
... Removed 18 stack frames
</div> <!-- stack-trace -->
                </div> <!-- method-content -->
              </div> <!-- method -->
            </div> <!-- main-panel-content rounded-window-bottom -->
          </div> <!-- suite-test-output//BankWebsite2-class-skipped -->
          <div class="suite-test-output//BankWebsite2-class-passed">
            <div class="main-panel-header rounded-window-top">
              <img src="passed.png"/>
              <span class="class-name">AutomationFramework.SignIn</span>
            </div> <!-- main-panel-header rounded-window-top -->
            <div class="main-panel-content rounded-window-bottom">
              <div class="method">
                <div class="method-content">
                  <a name="mainTest3">
                  </a> <!-- mainTest3 -->
                  <span class="method-name">mainTest3</span>
                </div> <!-- method-content -->
              </div> <!-- method -->
            </div> <!-- main-panel-content rounded-window-bottom -->
          </div> <!-- suite-test-output//BankWebsite2-class-passed -->
        </div> <!-- panel test-output//BankWebsite2 -->
        <div panel-name="test-xml-test-output//BankWebsite2" class="panel">
          <div class="main-panel-header rounded-window-top">
            <span class="header-content">E:\Eclipse\Eclipse Neon\Eclipseworkspace\guru99BankMaven\testng.xml</span>
          </div> <!-- main-panel-header rounded-window-top -->
          <div class="main-panel-content rounded-window-bottom">
            <pre>
&lt;?xml version=&quot;1.0&quot; encoding=&quot;UTF-8&quot;?&gt;
&lt;!DOCTYPE suite SYSTEM &quot;http://testng.org/testng-1.0.dtd&quot;&gt;
&lt;suite guice-stage=&quot;DEVELOPMENT&quot; name=&quot;test-output//BankWebsite2&quot;&gt;
  &lt;test name=&quot;AUTOXML&quot;&gt;
    &lt;classes&gt;
      &lt;class name=&quot;AutomationFramework.SignIn&quot;/&gt;
      &lt;class name=&quot;AutomationFramework.Deposit_Money&quot;/&gt;
      &lt;class name=&quot;AutomationFramework.Withdraw_Money&quot;/&gt;
      &lt;class name=&quot;AutomationFramework.MiniStatement&quot;/&gt;
      &lt;class name=&quot;AutomationFramework.Customised_Statement&quot;/&gt;
    &lt;/classes&gt;
  &lt;/test&gt; &lt;!-- AUTOXML --&gt;
&lt;/suite&gt; &lt;!-- test-output//BankWebsite2 --&gt;
            </pre>
          </div> <!-- main-panel-content rounded-window-bottom -->
        </div> <!-- panel -->
        <div panel-name="testlist-test-output//BankWebsite2" class="panel">
          <div class="main-panel-header rounded-window-top">
            <span class="header-content">Tests for test-output//BankWebsite2</span>
          </div> <!-- main-panel-header rounded-window-top -->
          <div class="main-panel-content rounded-window-bottom">
            <ul>
              <li>
                <span class="test-name">AUTOXML (5 classes)</span>
              </li>
            </ul>
          </div> <!-- main-panel-content rounded-window-bottom -->
        </div> <!-- panel -->
        <div panel-name="group-test-output//BankWebsite2" class="panel">
          <div class="main-panel-header rounded-window-top">
            <span class="header-content">Groups for test-output//BankWebsite2</span>
          </div> <!-- main-panel-header rounded-window-top -->
          <div class="main-panel-content rounded-window-bottom">
            <div class="test-group">
              <span class="test-group-name">Withdrawal</span>
              <br/>
              <div class="method-in-group">
                <span class="method-in-group-name">Deposit_Click_Test</span>
                <br/>
              </div> <!-- method-in-group -->
            </div> <!-- test-group -->
            <div class="test-group">
              <span class="test-group-name">custom</span>
              <br/>
              <div class="method-in-group">
                <span class="method-in-group-name">Customised_Statement_Click_Test</span>
                <br/>
              </div> <!-- method-in-group -->
            </div> <!-- test-group -->
            <div class="test-group">
              <span class="test-group-name">deposit</span>
              <br/>
              <div class="method-in-group">
                <span class="method-in-group-name">Deposit_Click_Test</span>
                <br/>
              </div> <!-- method-in-group -->
            </div> <!-- test-group -->
          </div> <!-- main-panel-content rounded-window-bottom -->
        </div> <!-- panel -->
        <div panel-name="times-test-output//BankWebsite2" class="panel">
          <div class="main-panel-header rounded-window-top">
            <span class="header-content">Times for test-output//BankWebsite2</span>
          </div> <!-- main-panel-header rounded-window-top -->
          <div class="main-panel-content rounded-window-bottom">
            <div class="times-div">
              <script type="text/javascript">
suiteTableInitFunctions.push('tableData_test-output//BankWebsite2');
function tableData_test-output//BankWebsite2() {
var data = new google.visualization.DataTable();
data.addColumn('number', 'Number');
data.addColumn('string', 'Method');
data.addColumn('string', 'Class');
data.addColumn('number', 'Time (ms)');
data.addRows(13);
data.setCell(0, 0, 0)
data.setCell(0, 1, 'mainTest3')
data.setCell(0, 2, 'AutomationFramework.SignIn')
data.setCell(0, 3, 8606);
data.setCell(1, 0, 1)
data.setCell(1, 1, 'Deposit_Click_Test')
data.setCell(1, 2, 'AutomationFramework.Deposit_Money')
data.setCell(1, 3, 5066);
data.setCell(2, 0, 2)
data.setCell(2, 1, 'Deposit_Click_Test')
data.setCell(2, 2, 'AutomationFramework.Withdraw_Money')
data.setCell(2, 3, 5032);
data.setCell(3, 0, 3)
data.setCell(3, 1, 'MiniStatement_Click_Test')
data.setCell(3, 2, 'AutomationFramework.MiniStatement')
data.setCell(3, 3, 5029);
data.setCell(4, 0, 4)
data.setCell(4, 1, 'Customised_Statement_Click_Test')
data.setCell(4, 2, 'AutomationFramework.Customised_Statement')
data.setCell(4, 3, 5027);
data.setCell(5, 0, 5)
data.setCell(5, 1, 'Deposit_Form_Test')
data.setCell(5, 2, 'AutomationFramework.Deposit_Money')
data.setCell(5, 3, 0);
data.setCell(6, 0, 6)
data.setCell(6, 1, 'MiniStatement_Get_Entries_Test')
data.setCell(6, 2, 'AutomationFramework.MiniStatement')
data.setCell(6, 3, 0);
data.setCell(7, 0, 7)
data.setCell(7, 1, 'Customised_Statement_Get_Entries_Form_Test')
data.setCell(7, 2, 'AutomationFramework.Customised_Statement')
data.setCell(7, 3, 0);
data.setCell(8, 0, 8)
data.setCell(8, 1, 'Customised_Statement_Get_Entries_Test')
data.setCell(8, 2, 'AutomationFramework.Customised_Statement')
data.setCell(8, 3, 0);
data.setCell(9, 0, 9)
data.setCell(9, 1, 'MiniStatement_Get_Entries_Form_Test')
data.setCell(9, 2, 'AutomationFramework.MiniStatement')
data.setCell(9, 3, 0);
data.setCell(10, 0, 10)
data.setCell(10, 1, 'write_Deposit_Amount_Log_To_TxtFile')
data.setCell(10, 2, 'AutomationFramework.Deposit_Money')
data.setCell(10, 3, 0);
data.setCell(11, 0, 11)
data.setCell(11, 1, 'Deposit_Form_Test')
data.setCell(11, 2, 'AutomationFramework.Withdraw_Money')
data.setCell(11, 3, 0);
data.setCell(12, 0, 12)
data.setCell(12, 1, 'write_Deposit_Amount_Log_To_TxtFile')
data.setCell(12, 2, 'AutomationFramework.Withdraw_Money')
data.setCell(12, 3, 0);
window.suiteTableData['test-output//BankWebsite2']= { tableData: data, tableDiv: 'times-div-test-output//BankWebsite2'}
return data;
}
              </script>
              <span class="suite-total-time">Total running time: 28 seconds</span>
              <div id="times-div-test-output//BankWebsite2">
              </div> <!-- times-div-test-output//BankWebsite2 -->
            </div> <!-- times-div -->
          </div> <!-- main-panel-content rounded-window-bottom -->
        </div> <!-- panel -->
        <div panel-name="reporter-test-output//BankWebsite2" class="panel">
          <div class="main-panel-header rounded-window-top">
            <span class="header-content">Reporter output for test-output//BankWebsite2</span>
          </div> <!-- main-panel-header rounded-window-top -->
          <div class="main-panel-content rounded-window-bottom">
          </div> <!-- main-panel-content rounded-window-bottom -->
        </div> <!-- panel -->
        <div panel-name="ignored-methods-test-output//BankWebsite2" class="panel">
          <div class="main-panel-header rounded-window-top">
            <span class="header-content">0 ignored methods</span>
          </div> <!-- main-panel-header rounded-window-top -->
          <div class="main-panel-content rounded-window-bottom">
          </div> <!-- main-panel-content rounded-window-bottom -->
        </div> <!-- panel -->
        <div panel-name="chronological-test-output//BankWebsite2" class="panel">
          <div class="main-panel-header rounded-window-top">
            <span class="header-content">Methods in chronological order</span>
          </div> <!-- main-panel-header rounded-window-top -->
          <div class="main-panel-content rounded-window-bottom">
            <div class="chronological-class">
              <div class="chronological-class-name">AutomationFramework.Customised_Statement</div> <!-- chronological-class-name -->
              <div class="configuration-suite before">
                <span class="method-name">startBrowser</span>
                <span class="method-start">0 ms</span>
              </div> <!-- configuration-suite before -->
            </div> <!-- chronological-class -->
            <div class="chronological-class">
              <div class="chronological-class-name">AutomationFramework.Deposit_Money</div> <!-- chronological-class-name -->
              <div class="configuration-suite before">
                <span class="method-name">initialization</span>
                <span class="method-start">14385 ms</span>
              </div> <!-- configuration-suite before -->
            </div> <!-- chronological-class -->
            <div class="chronological-class">
              <div class="chronological-class-name">AutomationFramework.MiniStatement</div> <!-- chronological-class-name -->
              <div class="configuration-suite before">
                <span class="method-name">startBrowser</span>
                <span class="method-start">14387 ms</span>
              </div> <!-- configuration-suite before -->
            </div> <!-- chronological-class -->
            <div class="chronological-class">
              <div class="chronological-class-name">AutomationFramework.Withdraw_Money</div> <!-- chronological-class-name -->
              <div class="configuration-suite before">
                <span class="method-name">initialization</span>
                <span class="method-start">20309 ms</span>
              </div> <!-- configuration-suite before -->
            </div> <!-- chronological-class -->
            <div class="chronological-class">
              <div class="chronological-class-name">AutomationFramework.Customised_Statement</div> <!-- chronological-class-name -->
              <div class="configuration-test before">
                <span class="method-name">LoginTest</span>
                <span class="method-start">20313 ms</span>
              </div> <!-- configuration-test before -->
            </div> <!-- chronological-class -->
            <div class="chronological-class">
              <div class="chronological-class-name">AutomationFramework.Deposit_Money</div> <!-- chronological-class-name -->
              <div class="configuration-test before">
                <span class="method-name">beforeTest</span>
                <span class="method-start">21056 ms</span>
              </div> <!-- configuration-test before -->
            </div> <!-- chronological-class -->
            <div class="chronological-class">
              <div class="chronological-class-name">AutomationFramework.MiniStatement</div> <!-- chronological-class-name -->
              <div class="configuration-test before">
                <span class="method-name">LoginTest</span>
                <span class="method-start">27434 ms</span>
              </div> <!-- configuration-test before -->
            </div> <!-- chronological-class -->
            <div class="chronological-class">
              <div class="chronological-class-name">AutomationFramework.Withdraw_Money</div> <!-- chronological-class-name -->
              <div class="configuration-test before">
                <span class="method-name">beforeTest</span>
                <span class="method-start">27969 ms</span>
              </div> <!-- configuration-test before -->
            </div> <!-- chronological-class -->
            <div class="chronological-class">
              <div class="chronological-class-name">AutomationFramework.SignIn</div> <!-- chronological-class-name -->
              <div class="test-method">
                <span class="method-name">mainTest3</span>
                <span class="method-start">34848 ms</span>
              </div> <!-- test-method -->
            </div> <!-- chronological-class -->
            <div class="chronological-class">
              <div class="chronological-class-name">AutomationFramework.Deposit_Money</div> <!-- chronological-class-name -->
              <div class="test-method">
                <img src="failed.png">
                </img>
                <span class="method-name">Deposit_Click_Test</span>
                <span class="method-start">43456 ms</span>
              </div> <!-- test-method -->
            </div> <!-- chronological-class -->
            <div class="chronological-class">
              <div class="chronological-class-name">AutomationFramework.Withdraw_Money</div> <!-- chronological-class-name -->
              <div class="test-method">
                <img src="failed.png">
                </img>
                <span class="method-name">Deposit_Click_Test</span>
                <span class="method-start">48536 ms</span>
              </div> <!-- test-method -->
            </div> <!-- chronological-class -->
            <div class="chronological-class">
              <div class="chronological-class-name">AutomationFramework.MiniStatement</div> <!-- chronological-class-name -->
              <div class="test-method">
                <img src="failed.png">
                </img>
                <span class="method-name">MiniStatement_Click_Test</span>
                <span class="method-start">53573 ms</span>
              </div> <!-- test-method -->
            </div> <!-- chronological-class -->
            <div class="chronological-class">
              <div class="chronological-class-name">AutomationFramework.Customised_Statement</div> <!-- chronological-class-name -->
              <div class="test-method">
                <img src="failed.png">
                </img>
                <span class="method-name">Customised_Statement_Click_Test</span>
                <span class="method-start">58606 ms</span>
              </div> <!-- test-method -->
              <div class="configuration-suite after">
                <span class="method-name">Logout_exitBrowser</span>
                <span class="method-start">63778 ms</span>
              </div> <!-- configuration-suite after -->
            </div> <!-- chronological-class -->
            <div class="chronological-class">
              <div class="chronological-class-name">AutomationFramework.Deposit_Money</div> <!-- chronological-class-name -->
              <div class="configuration-suite after">
                <span class="method-name">Logout_exitBrowser</span>
                <span class="method-start">66963 ms</span>
              </div> <!-- configuration-suite after -->
            </div> <!-- chronological-class -->
            <div class="chronological-class">
              <div class="chronological-class-name">AutomationFramework.MiniStatement</div> <!-- chronological-class-name -->
              <div class="configuration-suite after">
                <span class="method-name">Logout_exitBrowser</span>
                <span class="method-start">70007 ms</span>
              </div> <!-- configuration-suite after -->
            </div> <!-- chronological-class -->
            <div class="chronological-class">
              <div class="chronological-class-name">AutomationFramework.Withdraw_Money</div> <!-- chronological-class-name -->
              <div class="configuration-suite after">
                <span class="method-name">Logout_exitBrowser</span>
                <span class="method-start">73050 ms</span>
              </div> <!-- configuration-suite after -->
          </div> <!-- main-panel-content rounded-window-bottom -->
        </div> <!-- panel -->
      </div> <!-- main-panel-root -->
    </div> <!-- wrapper -->
  </body>
</html>
